辣椒（尤其是大果型、线椒、朝天椒）施肥核心就一句话：

> **前期“养根养棵”，后期“催花催果”。**

下面给你一个实战型“速成配方”，适合大多数土栽、棚栽、家庭种植。

---

# 一、辣椒前期施肥（定植后～开花前）

目标：

* 长根
* 长枝叶
* 建立粗壮植株

这个阶段不能一上来猛催果，否则苗小、后期容易早衰。

---

## 1. 前期核心元素比例

重点：

* 氮（N）稍高
* 磷（P）促进生根
* 钾（K）适中

推荐比例：

### N-P-K ≈ 20-10-15

或者：

### 18-12-18

都很好用。

---

## 2. 前期速成施肥方案

### 地栽/大棚

每亩：

* 腐熟有机肥：2000～3000kg
* 平衡复合肥（15-15-15）：
  40～50kg 做底肥

定植7天后开始追肥：

### 每7～10天一次：

* 高氮水溶肥（20-10-15）
  5kg/亩冲施

配合：

* 海藻肥
* 生根剂
* 黄腐酸

效果更稳。

---

## 3. 前期关键点

### 不要：

* 氮肥过量
* 天天浇肥
* 苗期猛催

否则：

* 徒长
* 节间长
* 后期开花少

---

# 二、辣椒后期施肥（开花后～结果盛期）

重点阶段来了。

目标：

* 保花
* 保果
* 提高辣度
* 提高坐果率
* 延长采收期

---

# 三、后期核心配方

这时必须：

## “降氮、增钾、补钙硼”

核心比例：

### N-P-K ≈ 15-5-30

或者：

### 12-6-36

这是很多高产棚的经典比例。

---

# 四、后期速成配置

## 1. 冲施肥

每7天左右：

### 高钾肥：

* 12-6-36
* 或15-5-30

5kg/亩左右。

---

## 2. 叶面喷施（非常关键）

### 花期：

喷：

* 硼肥
* 磷酸二氢钾

配方：

* 磷酸二氢钾 1000倍
* 硼肥 1500倍

7天一次。

作用：

* 保花
* 提高坐果

---

## 3. 膨果期

补：

### 钙 + 钾

比如：

* 糖醇钙
* 硝酸钙

避免：

* 脐腐
* 果软
* 果面差

---

# 五、万能“懒人口诀”

## 苗期：

> “氮高一点，根壮苗粗”

## 花期：

> “控氮补硼”

## 结果期：

> “高钾高钙”

---

# 六、很多人失败的真正原因

不是肥少。

而是：

## 前期氮太猛

导致：

* 疯长叶
* 不开花
* 落花严重

尤其鸡粪过多最容易出问题。

---

# 七、家庭种植超简单方案（阳台/菜园）

## 前期

用：

* 平衡肥（15-15-15）

10天一次。

---

## 开花后

改：

### 磷酸二氢钾

* 高钾肥。

立即明显提高结果量。

---

# 八、高产老农的经典组合

很多高产户实际用的是：

## 前期：

* 尿素少量
* 平衡肥
* 生根肥

## 后期：

* 磷酸二氢钾
* 高钾大量元素
* 钙硼叶喷

简单但非常有效。

---

# 九、如果你想“直接抄作业”

给你一个非常稳的完整节奏：

## 定植后7天

20-10-15

↓

## 现蕾期

平衡肥（15-15-15）

↓

## 初花期

磷酸二氢钾 + 硼

↓

## 坐果后

15-5-30

↓

## 盛果期

12-6-36 + 钙肥

---

如果你愿意，我还能继续给你：

* 辣椒“全年施肥时间表”
* 辣椒亩产3000斤高产方案
* 辣椒落花落果急救方案
* 辣椒不同生长期缺素图解
* 辣椒专用水肥一体化配方
* 朝天椒 vs 线椒施肥差异
* 有机种植版配方。
